<?xml version="1.0" encoding="UTF-8"?>
<testng-results ignored="0" total="1" passed="1" failed="0" skipped="0">
  <reporter-output>
  </reporter-output>
  <suite started-at="2023-06-29T13:27:33 IST" name="Default suite" finished-at="2023-06-29T13:27:46 IST" duration-ms="12640">
    <groups>
    </groups>
    <test started-at="2023-06-29T13:27:33 IST" name="Default test" finished-at="2023-06-29T13:27:46 IST" duration-ms="12640">
      <class name="com.atmosol.www.BookTicketTest">
        <test-method signature="bookTicketTest()[pri:0, instance:com.atmosol.www.BookTicketTest@6392827e]" started-at="2023-06-29T13:27:33 IST" name="bookTicketTest" finished-at="2023-06-29T13:27:45 IST" duration-ms="12523" status="PASS">
          <reporter-output>
          </reporter-output>
        </test-method> <!-- bookTicketTest -->
      </class> <!-- com.atmosol.www.BookTicketTest -->
    </test> <!-- Default test -->
  </suite> <!-- Default suite -->
</testng-results>
